  [1m[35m (535.1ms)[0m  [1m[35mCREATE DATABASE "first_routes_and_controllers_development" ENCODING = 'unicode'[0m
  ↳ bin/rails:9
  [1m[35m (130.5ms)[0m  [1m[35mCREATE DATABASE "first_routes_and_controllers_test" ENCODING = 'unicode'[0m
  ↳ bin/rails:9
Started GET "/" for ::1 at 2020-12-29 14:07:58 -0800
Processing by Rails::WelcomeController#index as HTML
  Rendering /Users/scottbogart/.rbenv/versions/2.5.1/lib/ruby/gems/2.5.0/gems/railties-5.2.4.4/lib/rails/templates/rails/welcome/index.html.erb
  Rendered /Users/scottbogart/.rbenv/versions/2.5.1/lib/ruby/gems/2.5.0/gems/railties-5.2.4.4/lib/rails/templates/rails/welcome/index.html.erb (5.8ms)
Completed 200 OK in 35ms (Views: 19.5ms | ActiveRecord: 0.0ms)


Started GET "/" for ::1 at 2020-12-29 14:12:47 -0800
Processing by Rails::WelcomeController#index as */*
  Rendering /Users/scottbogart/.rbenv/versions/2.5.1/lib/ruby/gems/2.5.0/gems/railties-5.2.4.4/lib/rails/templates/rails/welcome/index.html.erb
  Rendered /Users/scottbogart/.rbenv/versions/2.5.1/lib/ruby/gems/2.5.0/gems/railties-5.2.4.4/lib/rails/templates/rails/welcome/index.html.erb (6.2ms)
Completed 200 OK in 278ms (Views: 127.0ms | ActiveRecord: 0.0ms)


Started GET "/users" for ::1 at 2020-12-29 14:12:59 -0800

AbstractController::ActionNotFound - The action 'index' could not be found for UsersController:

Started GET "/users" for ::1 at 2020-12-29 14:14:38 -0800
Processing by UsersController#index as */*
No template found for UsersController#index, rendering head :no_content
Completed 204 No Content in 820ms (ActiveRecord: 0.0ms)


Started GET "/users" for ::1 at 2020-12-29 14:16:05 -0800
Processing by UsersController#index as */*
  Rendering text template
  Rendered text template (0.1ms)
Completed 200 OK in 8ms (Views: 7.7ms | ActiveRecord: 0.0ms)


Started GET "/users?fav_food=pizza&admin=true" for ::1 at 2020-12-29 14:20:24 -0800
Processing by UsersController#index as */*
  Parameters: {"fav_food"=>"pizza", "admin"=>"true"}
  Rendering text template
  Rendered text template (1.1ms)
Completed 200 OK in 14ms (Views: 6.6ms | ActiveRecord: 0.0ms)


Started POST "/users?big_beats=best&get_high=all_the_time" for ::1 at 2020-12-29 14:22:39 -0800

AbstractController::ActionNotFound - The action 'create' could not be found for UsersController:

Started POST "/users?big_beats=best&get_high=all_the_time" for ::1 at 2020-12-29 14:23:44 -0800
Processing by UsersController#create as */*
  Parameters: {"big_beats"=>"best", "get_high"=>"all_the_time"}
Completed 200 OK in 13ms (Views: 2.5ms | ActiveRecord: 0.0ms)


Started GET "/users/2" for ::1 at 2020-12-29 14:25:54 -0800

AbstractController::ActionNotFound - The action 'show' could not be found for UsersController:

Started GET "/users/2" for ::1 at 2020-12-29 14:26:50 -0800
Processing by UsersController#show as */*
  Parameters: {"id"=>"2"}
Completed 200 OK in 4ms (Views: 2.6ms | ActiveRecord: 0.0ms)


Started POST "/users" for ::1 at 2020-12-29 14:34:13 -0800

ActionController::BadRequest - Invalid request parameters: expected Hash (got String) for param `UCSC':

Started GET "/users" for ::1 at 2020-12-29 14:35:27 -0800

ActionController::BadRequest - Invalid request parameters: expected Hash (got String) for param `UCSC':

Started GET "/users" for ::1 at 2020-12-29 14:35:36 -0800
Processing by UsersController#index as */*
  Parameters: {"University"=>{"LMU"=>"Mary_und_Jesus", "UCSC"=>"Banana_Slug"}, "AppAcademy"=>"Alvin"}
  Rendering text template
  Rendered text template (0.1ms)
Completed 200 OK in 11ms (Views: 5.6ms | ActiveRecord: 0.0ms)


Started POST "/users" for ::1 at 2020-12-29 14:35:43 -0800
Processing by UsersController#create as */*
  Parameters: {"University"=>{"LMU"=>"Mary_und_Jesus", "UCSC"=>"Banana_Slug"}, "AppAcademy"=>"Alvin"}
Completed 200 OK in 3ms (Views: 1.8ms | ActiveRecord: 0.0ms)


Started GET "/users" for ::1 at 2020-12-29 14:36:08 -0800
Processing by UsersController#index as */*
  Parameters: {"University"=>{"LMU"=>"Mary_und_Jesus", "UCSC"=>"Banana_Slug"}, "AppAcademy"=>"Alvin"}
  Rendering text template
  Rendered text template (0.5ms)
Completed 200 OK in 3ms (Views: 1.7ms | ActiveRecord: 0.0ms)


