  [1m[35m (2.3ms)[0m  [1m[35mDROP TABLE IF EXISTS "courses" CASCADE[0m
  [1m[35m (22.1ms)[0m  [1m[35mCREATE TABLE "courses" ("id" bigserial primary key, "name" character varying, "prereq_id" integer, "instructor_id" integer, "created_at" timestamp NOT NULL, "updated_at" timestamp NOT NULL)[0m
  [1m[35m (0.6ms)[0m  [1m[35mDROP TABLE IF EXISTS "enrollments" CASCADE[0m
  [1m[35m (7.0ms)[0m  [1m[35mCREATE TABLE "enrollments" ("id" bigserial primary key, "course_id" integer, "student_id" integer, "created_at" timestamp NOT NULL, "updated_at" timestamp NOT NULL)[0m
  [1m[35m (0.7ms)[0m  [1m[35mDROP TABLE IF EXISTS "users" CASCADE[0m
  [1m[35m (8.4ms)[0m  [1m[35mCREATE TABLE "users" ("id" bigserial primary key, "name" character varying, "created_at" timestamp NOT NULL, "updated_at" timestamp NOT NULL)[0m
  [1m[35m (6.2ms)[0m  [1m[35mCREATE TABLE "schema_migrations" ("version" character varying NOT NULL PRIMARY KEY)[0m
  [1m[35m (1.0ms)[0m  [1m[34mSELECT "schema_migrations"."version" FROM "schema_migrations" ORDER BY "schema_migrations"."version" ASC[0m
  [1m[35m (2.0ms)[0m  [1m[32mINSERT INTO "schema_migrations" (version) VALUES (20170710184251)[0m
  [1m[35m (1.1ms)[0m  [1m[32mINSERT INTO "schema_migrations" (version) VALUES
(20170710184239),
(20170710184213);

[0m
  [1m[35m (6.8ms)[0m  [1m[35mCREATE TABLE "ar_internal_metadata" ("key" character varying NOT NULL PRIMARY KEY, "value" character varying, "created_at" timestamp NOT NULL, "updated_at" timestamp NOT NULL)[0m
  [1m[36mActiveRecord::InternalMetadata Load (0.7ms)[0m  [1m[34mSELECT  "ar_internal_metadata".* FROM "ar_internal_metadata" WHERE "ar_internal_metadata"."key" = $1 LIMIT $2[0m  [["key", "environment"], ["LIMIT", 1]]
  [1m[35m (0.3ms)[0m  [1m[35mBEGIN[0m
  [1m[35mSQL (1.5ms)[0m  [1m[32mINSERT INTO "ar_internal_metadata" ("key", "value", "created_at", "updated_at") VALUES ($1, $2, $3, $4) RETURNING "key"[0m  [["key", "environment"], ["value", "development"], ["created_at", "2020-12-17 22:16:00.355201"], ["updated_at", "2020-12-17 22:16:00.355201"]]
  [1m[35m (0.5ms)[0m  [1m[35mCOMMIT[0m
  [1m[36mActiveRecord::InternalMetadata Load (0.9ms)[0m  [1m[34mSELECT  "ar_internal_metadata".* FROM "ar_internal_metadata" WHERE "ar_internal_metadata"."key" = $1 LIMIT $2[0m  [["key", "environment"], ["LIMIT", 1]]
  [1m[35m (0.3ms)[0m  [1m[35mBEGIN[0m
  [1m[35m (0.3ms)[0m  [1m[35mCOMMIT[0m
  [1m[35m (0.4ms)[0m  [1m[35mDROP TABLE IF EXISTS "courses" CASCADE[0m
  [1m[35m (15.6ms)[0m  [1m[35mCREATE TABLE "courses" ("id" bigserial primary key, "name" character varying, "prereq_id" integer, "instructor_id" integer, "created_at" timestamp NOT NULL, "updated_at" timestamp NOT NULL)[0m
  [1m[35m (0.4ms)[0m  [1m[35mDROP TABLE IF EXISTS "enrollments" CASCADE[0m
  [1m[35m (3.9ms)[0m  [1m[35mCREATE TABLE "enrollments" ("id" bigserial primary key, "course_id" integer, "student_id" integer, "created_at" timestamp NOT NULL, "updated_at" timestamp NOT NULL)[0m
  [1m[35m (0.3ms)[0m  [1m[35mDROP TABLE IF EXISTS "users" CASCADE[0m
  [1m[35m (8.7ms)[0m  [1m[35mCREATE TABLE "users" ("id" bigserial primary key, "name" character varying, "created_at" timestamp NOT NULL, "updated_at" timestamp NOT NULL)[0m
  [1m[35m (5.7ms)[0m  [1m[35mCREATE TABLE "schema_migrations" ("version" character varying NOT NULL PRIMARY KEY)[0m
  [1m[35m (0.7ms)[0m  [1m[34mSELECT "schema_migrations"."version" FROM "schema_migrations" ORDER BY "schema_migrations"."version" ASC[0m
  [1m[35m (0.7ms)[0m  [1m[32mINSERT INTO "schema_migrations" (version) VALUES (20170710184251)[0m
  [1m[35m (0.5ms)[0m  [1m[32mINSERT INTO "schema_migrations" (version) VALUES
(20170710184239),
(20170710184213);

[0m
  [1m[35m (8.9ms)[0m  [1m[35mCREATE TABLE "ar_internal_metadata" ("key" character varying NOT NULL PRIMARY KEY, "value" character varying, "created_at" timestamp NOT NULL, "updated_at" timestamp NOT NULL)[0m
  [1m[36mActiveRecord::InternalMetadata Load (0.9ms)[0m  [1m[34mSELECT  "ar_internal_metadata".* FROM "ar_internal_metadata" WHERE "ar_internal_metadata"."key" = $1 LIMIT $2[0m  [["key", "environment"], ["LIMIT", 1]]
  [1m[35m (0.2ms)[0m  [1m[35mBEGIN[0m
  [1m[35mSQL (0.6ms)[0m  [1m[32mINSERT INTO "ar_internal_metadata" ("key", "value", "created_at", "updated_at") VALUES ($1, $2, $3, $4) RETURNING "key"[0m  [["key", "environment"], ["value", "development"], ["created_at", "2020-12-17 22:16:00.462252"], ["updated_at", "2020-12-17 22:16:00.462252"]]
  [1m[35m (0.3ms)[0m  [1m[35mCOMMIT[0m
  [1m[36mActiveRecord::InternalMetadata Load (0.4ms)[0m  [1m[34mSELECT  "ar_internal_metadata".* FROM "ar_internal_metadata" WHERE "ar_internal_metadata"."key" = $1 LIMIT $2[0m  [["key", "environment"], ["LIMIT", 1]]
  [1m[35m (0.1ms)[0m  [1m[35mBEGIN[0m
  [1m[35mSQL (0.5ms)[0m  [1m[33mUPDATE "ar_internal_metadata" SET "value" = $1, "updated_at" = $2 WHERE "ar_internal_metadata"."key" = $3[0m  [["value", "test"], ["updated_at", "2020-12-17 22:16:00.466575"], ["key", "environment"]]
  [1m[35m (0.4ms)[0m  [1m[35mCOMMIT[0m
  [1m[35m (2.0ms)[0m  [1m[34mSELECT "schema_migrations"."version" FROM "schema_migrations" ORDER BY "schema_migrations"."version" ASC[0m
  [1m[35m (0.2ms)[0m  [1m[35mBEGIN[0m
  [1m[36mUser Load (0.7ms)[0m  [1m[34mSELECT "users".* FROM "users"[0m
  [1m[35mSQL (1.3ms)[0m  [1m[32mINSERT INTO "users" ("name", "created_at", "updated_at") VALUES ($1, $2, $3) RETURNING "id"[0m  [["name", "CJ"], ["created_at", "2020-12-17 22:16:00.514451"], ["updated_at", "2020-12-17 22:16:00.514451"]]
  [1m[35mSQL (0.4ms)[0m  [1m[32mINSERT INTO "users" ("name", "created_at", "updated_at") VALUES ($1, $2, $3) RETURNING "id"[0m  [["name", "Flarnie"], ["created_at", "2020-12-17 22:16:00.516640"], ["updated_at", "2020-12-17 22:16:00.516640"]]
  [1m[35mSQL (0.3ms)[0m  [1m[32mINSERT INTO "users" ("name", "created_at", "updated_at") VALUES ($1, $2, $3) RETURNING "id"[0m  [["name", "Jeff"], ["created_at", "2020-12-17 22:16:00.517615"], ["updated_at", "2020-12-17 22:16:00.517615"]]
  [1m[35mSQL (0.2ms)[0m  [1m[32mINSERT INTO "users" ("name", "created_at", "updated_at") VALUES ($1, $2, $3) RETURNING "id"[0m  [["name", "Georges St. Pierre"], ["created_at", "2020-12-17 22:16:00.518394"], ["updated_at", "2020-12-17 22:16:00.518394"]]
  [1m[35mSQL (0.2ms)[0m  [1m[32mINSERT INTO "users" ("name", "created_at", "updated_at") VALUES ($1, $2, $3) RETURNING "id"[0m  [["name", "Ned"], ["created_at", "2020-12-17 22:16:00.518968"], ["updated_at", "2020-12-17 22:16:00.518968"]]
  [1m[36mCourse Load (0.7ms)[0m  [1m[34mSELECT "courses".* FROM "courses"[0m
  [1m[35mSQL (0.7ms)[0m  [1m[32mINSERT INTO "courses" ("name", "instructor_id", "created_at", "updated_at") VALUES ($1, $2, $3, $4) RETURNING "id"[0m  [["name", "Ruby 101"], ["instructor_id", 5], ["created_at", "2020-12-17 22:16:00.530897"], ["updated_at", "2020-12-17 22:16:00.530897"]]
  [1m[35mSQL (0.5ms)[0m  [1m[32mINSERT INTO "courses" ("name", "prereq_id", "instructor_id", "created_at", "updated_at") VALUES ($1, $2, $3, $4, $5) RETURNING "id"[0m  [["name", "Ruby 102"], ["prereq_id", 1], ["instructor_id", 5], ["created_at", "2020-12-17 22:16:00.532586"], ["updated_at", "2020-12-17 22:16:00.532586"]]
  [1m[36mEnrollment Load (0.6ms)[0m  [1m[34mSELECT "enrollments".* FROM "enrollments"[0m
  [1m[35mSQL (0.7ms)[0m  [1m[32mINSERT INTO "enrollments" ("course_id", "student_id", "created_at", "updated_at") VALUES ($1, $2, $3, $4) RETURNING "id"[0m  [["course_id", 1], ["student_id", 3], ["created_at", "2020-12-17 22:16:00.543486"], ["updated_at", "2020-12-17 22:16:00.543486"]]
  [1m[35mSQL (0.8ms)[0m  [1m[32mINSERT INTO "enrollments" ("course_id", "student_id", "created_at", "updated_at") VALUES ($1, $2, $3, $4) RETURNING "id"[0m  [["course_id", 1], ["student_id", 4], ["created_at", "2020-12-17 22:16:00.545095"], ["updated_at", "2020-12-17 22:16:00.545095"]]
  [1m[35mSQL (0.2ms)[0m  [1m[32mINSERT INTO "enrollments" ("course_id", "student_id", "created_at", "updated_at") VALUES ($1, $2, $3, $4) RETURNING "id"[0m  [["course_id", 2], ["student_id", 1], ["created_at", "2020-12-17 22:16:00.546488"], ["updated_at", "2020-12-17 22:16:00.546488"]]
  [1m[35mSQL (0.2ms)[0m  [1m[32mINSERT INTO "enrollments" ("course_id", "student_id", "created_at", "updated_at") VALUES ($1, $2, $3, $4) RETURNING "id"[0m  [["course_id", 2], ["student_id", 2], ["created_at", "2020-12-17 22:16:00.547279"], ["updated_at", "2020-12-17 22:16:00.547279"]]
  [1m[35m (0.4ms)[0m  [1m[35mCOMMIT[0m
  [1m[35m (0.7ms)[0m  [1m[34mSELECT "schema_migrations"."version" FROM "schema_migrations" ORDER BY "schema_migrations"."version" ASC[0m
  [1m[36mEnrollment Load (0.5ms)[0m  [1m[34mSELECT  "enrollments".* FROM "enrollments" ORDER BY "enrollments"."id" ASC LIMIT $1[0m  [["LIMIT", 1]]
  [1m[36mEnrollment Load (0.3ms)[0m  [1m[34mSELECT  "enrollments".* FROM "enrollments" ORDER BY "enrollments"."id" ASC LIMIT $1[0m  [["LIMIT", 1]]
  [1m[35m (0.9ms)[0m  [1m[34mSELECT "schema_migrations"."version" FROM "schema_migrations" ORDER BY "schema_migrations"."version" ASC[0m
  [1m[35m (0.2ms)[0m  [1m[35mBEGIN[0m
  [1m[35m (0.6ms)[0m  [1m[31mROLLBACK[0m
  [1m[35m (0.7ms)[0m  [1m[34mSELECT "schema_migrations"."version" FROM "schema_migrations" ORDER BY "schema_migrations"."version" ASC[0m
  [1m[35m (0.1ms)[0m  [1m[35mBEGIN[0m
  [1m[36mUser Load (0.7ms)[0m  [1m[34mSELECT "users".* FROM "users"[0m
  [1m[35mSQL (0.7ms)[0m  [1m[31mDELETE FROM "users" WHERE "users"."id" = $1[0m  [["id", 1]]
  [1m[35mSQL (0.8ms)[0m  [1m[31mDELETE FROM "users" WHERE "users"."id" = $1[0m  [["id", 2]]
  [1m[35mSQL (0.4ms)[0m  [1m[31mDELETE FROM "users" WHERE "users"."id" = $1[0m  [["id", 3]]
  [1m[35mSQL (0.8ms)[0m  [1m[31mDELETE FROM "users" WHERE "users"."id" = $1[0m  [["id", 4]]
  [1m[35mSQL (0.3ms)[0m  [1m[31mDELETE FROM "users" WHERE "users"."id" = $1[0m  [["id", 5]]
  [1m[35mSQL (0.5ms)[0m  [1m[32mINSERT INTO "users" ("name", "created_at", "updated_at") VALUES ($1, $2, $3) RETURNING "id"[0m  [["name", "CJ"], ["created_at", "2020-12-17 22:29:15.276750"], ["updated_at", "2020-12-17 22:29:15.276750"]]
  [1m[35mSQL (0.3ms)[0m  [1m[32mINSERT INTO "users" ("name", "created_at", "updated_at") VALUES ($1, $2, $3) RETURNING "id"[0m  [["name", "Flarnie"], ["created_at", "2020-12-17 22:29:15.278173"], ["updated_at", "2020-12-17 22:29:15.278173"]]
  [1m[35mSQL (0.2ms)[0m  [1m[32mINSERT INTO "users" ("name", "created_at", "updated_at") VALUES ($1, $2, $3) RETURNING "id"[0m  [["name", "Jeff"], ["created_at", "2020-12-17 22:29:15.279157"], ["updated_at", "2020-12-17 22:29:15.279157"]]
  [1m[35mSQL (0.2ms)[0m  [1m[32mINSERT INTO "users" ("name", "created_at", "updated_at") VALUES ($1, $2, $3) RETURNING "id"[0m  [["name", "Georges St. Pierre"], ["created_at", "2020-12-17 22:29:15.279959"], ["updated_at", "2020-12-17 22:29:15.279959"]]
  [1m[35mSQL (0.3ms)[0m  [1m[32mINSERT INTO "users" ("name", "created_at", "updated_at") VALUES ($1, $2, $3) RETURNING "id"[0m  [["name", "Ned"], ["created_at", "2020-12-17 22:29:15.280743"], ["updated_at", "2020-12-17 22:29:15.280743"]]
  [1m[36mCourse Load (0.6ms)[0m  [1m[34mSELECT "courses".* FROM "courses"[0m
  [1m[35mSQL (0.4ms)[0m  [1m[31mDELETE FROM "courses" WHERE "courses"."id" = $1[0m  [["id", 1]]
  [1m[35mSQL (0.3ms)[0m  [1m[31mDELETE FROM "courses" WHERE "courses"."id" = $1[0m  [["id", 2]]
  [1m[35mSQL (0.7ms)[0m  [1m[32mINSERT INTO "courses" ("name", "instructor_id", "created_at", "updated_at") VALUES ($1, $2, $3, $4) RETURNING "id"[0m  [["name", "Ruby 101"], ["instructor_id", 10], ["created_at", "2020-12-17 22:29:15.295369"], ["updated_at", "2020-12-17 22:29:15.295369"]]
  [1m[35mSQL (0.4ms)[0m  [1m[32mINSERT INTO "courses" ("name", "prereq_id", "instructor_id", "created_at", "updated_at") VALUES ($1, $2, $3, $4, $5) RETURNING "id"[0m  [["name", "Ruby 102"], ["prereq_id", 3], ["instructor_id", 10], ["created_at", "2020-12-17 22:29:15.296916"], ["updated_at", "2020-12-17 22:29:15.296916"]]
  [1m[36mEnrollment Load (0.5ms)[0m  [1m[34mSELECT "enrollments".* FROM "enrollments"[0m
  [1m[35mSQL (0.8ms)[0m  [1m[31mDELETE FROM "enrollments" WHERE "enrollments"."id" = $1[0m  [["id", 1]]
  [1m[35mSQL (0.2ms)[0m  [1m[31mDELETE FROM "enrollments" WHERE "enrollments"."id" = $1[0m  [["id", 2]]
  [1m[35mSQL (0.2ms)[0m  [1m[31mDELETE FROM "enrollments" WHERE "enrollments"."id" = $1[0m  [["id", 3]]
  [1m[35mSQL (0.2ms)[0m  [1m[31mDELETE FROM "enrollments" WHERE "enrollments"."id" = $1[0m  [["id", 4]]
  [1m[36mCourse Load (0.2ms)[0m  [1m[34mSELECT  "courses".* FROM "courses" WHERE "courses"."id" = $1 LIMIT $2[0m  [["id", 3], ["LIMIT", 1]]
  [1m[36mUser Load (0.2ms)[0m  [1m[34mSELECT  "users".* FROM "users" WHERE "users"."id" = $1 LIMIT $2[0m  [["id", 8], ["LIMIT", 1]]
  [1m[35mSQL (0.3ms)[0m  [1m[32mINSERT INTO "enrollments" ("course_id", "student_id", "created_at", "updated_at") VALUES ($1, $2, $3, $4) RETURNING "id"[0m  [["course_id", 3], ["student_id", 8], ["created_at", "2020-12-17 22:29:15.325734"], ["updated_at", "2020-12-17 22:29:15.325734"]]
  [1m[36mCourse Load (0.2ms)[0m  [1m[34mSELECT  "courses".* FROM "courses" WHERE "courses"."id" = $1 LIMIT $2[0m  [["id", 3], ["LIMIT", 1]]
  [1m[36mUser Load (0.2ms)[0m  [1m[34mSELECT  "users".* FROM "users" WHERE "users"."id" = $1 LIMIT $2[0m  [["id", 9], ["LIMIT", 1]]
  [1m[35mSQL (0.2ms)[0m  [1m[32mINSERT INTO "enrollments" ("course_id", "student_id", "created_at", "updated_at") VALUES ($1, $2, $3, $4) RETURNING "id"[0m  [["course_id", 3], ["student_id", 9], ["created_at", "2020-12-17 22:29:15.327986"], ["updated_at", "2020-12-17 22:29:15.327986"]]
  [1m[36mCourse Load (0.2ms)[0m  [1m[34mSELECT  "courses".* FROM "courses" WHERE "courses"."id" = $1 LIMIT $2[0m  [["id", 4], ["LIMIT", 1]]
  [1m[36mUser Load (0.3ms)[0m  [1m[34mSELECT  "users".* FROM "users" WHERE "users"."id" = $1 LIMIT $2[0m  [["id", 6], ["LIMIT", 1]]
  [1m[35mSQL (0.4ms)[0m  [1m[32mINSERT INTO "enrollments" ("course_id", "student_id", "created_at", "updated_at") VALUES ($1, $2, $3, $4) RETURNING "id"[0m  [["course_id", 4], ["student_id", 6], ["created_at", "2020-12-17 22:29:15.330058"], ["updated_at", "2020-12-17 22:29:15.330058"]]
  [1m[36mCourse Load (0.3ms)[0m  [1m[34mSELECT  "courses".* FROM "courses" WHERE "courses"."id" = $1 LIMIT $2[0m  [["id", 4], ["LIMIT", 1]]
  [1m[36mUser Load (0.4ms)[0m  [1m[34mSELECT  "users".* FROM "users" WHERE "users"."id" = $1 LIMIT $2[0m  [["id", 7], ["LIMIT", 1]]
  [1m[35mSQL (0.3ms)[0m  [1m[32mINSERT INTO "enrollments" ("course_id", "student_id", "created_at", "updated_at") VALUES ($1, $2, $3, $4) RETURNING "id"[0m  [["course_id", 4], ["student_id", 7], ["created_at", "2020-12-17 22:29:15.333474"], ["updated_at", "2020-12-17 22:29:15.333474"]]
  [1m[35m (0.8ms)[0m  [1m[35mCOMMIT[0m
  [1m[36mEnrollment Load (0.5ms)[0m  [1m[34mSELECT  "enrollments".* FROM "enrollments" ORDER BY "enrollments"."id" ASC LIMIT $1[0m  [["LIMIT", 1]]
  [1m[36mEnrollment Load (0.6ms)[0m  [1m[34mSELECT  "enrollments".* FROM "enrollments" ORDER BY "enrollments"."id" ASC LIMIT $1[0m  [["LIMIT", 1]]
  [1m[36mEnrollment Load (0.5ms)[0m  [1m[34mSELECT  "enrollments".* FROM "enrollments" ORDER BY "enrollments"."id" ASC LIMIT $1[0m  [["LIMIT", 1]]
  [1m[36mEnrollment Load (0.5ms)[0m  [1m[34mSELECT  "enrollments".* FROM "enrollments" ORDER BY "enrollments"."id" ASC LIMIT $1[0m  [["LIMIT", 1]]
  [1m[36mUser Load (0.7ms)[0m  [1m[34mSELECT  "users".* FROM "users" WHERE "users"."id" = $1 LIMIT $2[0m  [["id", 8], ["LIMIT", 1]]
  [1m[36mEnrollment Load (0.4ms)[0m  [1m[34mSELECT  "enrollments".* FROM "enrollments" ORDER BY "enrollments"."id" ASC LIMIT $1[0m  [["LIMIT", 1]]
  [1m[36mCourse Load (0.8ms)[0m  [1m[34mSELECT  "courses".* FROM "courses" WHERE "courses"."id" = $1 LIMIT $2[0m  [["id", 3], ["LIMIT", 1]]
  [1m[35m (4.6ms)[0m  [1m[35mDROP TABLE IF EXISTS "courses" CASCADE[0m
  [1m[35m (47.9ms)[0m  [1m[35mCREATE TABLE "courses" ("id" bigserial primary key, "name" character varying, "prereq_id" integer, "instructor_id" integer, "created_at" timestamp NOT NULL, "updated_at" timestamp NOT NULL)[0m
  [1m[35m (0.7ms)[0m  [1m[35mDROP TABLE IF EXISTS "enrollments" CASCADE[0m
  [1m[35m (40.6ms)[0m  [1m[35mCREATE TABLE "enrollments" ("id" bigserial primary key, "course_id" integer, "student_id" integer, "created_at" timestamp NOT NULL, "updated_at" timestamp NOT NULL)[0m
  [1m[35m (0.7ms)[0m  [1m[35mDROP TABLE IF EXISTS "users" CASCADE[0m
  [1m[35m (21.5ms)[0m  [1m[35mCREATE TABLE "users" ("id" bigserial primary key, "name" character varying, "created_at" timestamp NOT NULL, "updated_at" timestamp NOT NULL)[0m
  [1m[35m (75.4ms)[0m  [1m[35mCREATE TABLE "schema_migrations" ("version" character varying NOT NULL PRIMARY KEY)[0m
  [1m[35m (2.4ms)[0m  [1m[34mSELECT "schema_migrations"."version" FROM "schema_migrations" ORDER BY "schema_migrations"."version" ASC[0m
  [1m[35m (9.0ms)[0m  [1m[32mINSERT INTO "schema_migrations" (version) VALUES (20170710184251)[0m
  [1m[35m (1.9ms)[0m  [1m[32mINSERT INTO "schema_migrations" (version) VALUES
(20170710184239),
(20170710184213);

[0m
  [1m[35m (18.0ms)[0m  [1m[35mCREATE TABLE "ar_internal_metadata" ("key" character varying NOT NULL PRIMARY KEY, "value" character varying, "created_at" timestamp NOT NULL, "updated_at" timestamp NOT NULL)[0m
  [1m[36mActiveRecord::InternalMetadata Load (1.1ms)[0m  [1m[34mSELECT  "ar_internal_metadata".* FROM "ar_internal_metadata" WHERE "ar_internal_metadata"."key" = $1 LIMIT $2[0m  [["key", "environment"], ["LIMIT", 1]]
  [1m[35m (0.5ms)[0m  [1m[35mBEGIN[0m
  [1m[35mSQL (2.0ms)[0m  [1m[32mINSERT INTO "ar_internal_metadata" ("key", "value", "created_at", "updated_at") VALUES ($1, $2, $3, $4) RETURNING "key"[0m  [["key", "environment"], ["value", "development"], ["created_at", "2020-12-17 22:38:22.364748"], ["updated_at", "2020-12-17 22:38:22.364748"]]
  [1m[35m (2.0ms)[0m  [1m[35mCOMMIT[0m
  [1m[36mActiveRecord::InternalMetadata Load (1.1ms)[0m  [1m[34mSELECT  "ar_internal_metadata".* FROM "ar_internal_metadata" WHERE "ar_internal_metadata"."key" = $1 LIMIT $2[0m  [["key", "environment"], ["LIMIT", 1]]
  [1m[35m (0.3ms)[0m  [1m[35mBEGIN[0m
  [1m[35m (0.4ms)[0m  [1m[35mCOMMIT[0m
  [1m[35m (0.6ms)[0m  [1m[35mDROP TABLE IF EXISTS "courses" CASCADE[0m
  [1m[35m (42.8ms)[0m  [1m[35mCREATE TABLE "courses" ("id" bigserial primary key, "name" character varying, "prereq_id" integer, "instructor_id" integer, "created_at" timestamp NOT NULL, "updated_at" timestamp NOT NULL)[0m
  [1m[35m (1.5ms)[0m  [1m[35mDROP TABLE IF EXISTS "enrollments" CASCADE[0m
  [1m[35m (8.2ms)[0m  [1m[35mCREATE TABLE "enrollments" ("id" bigserial primary key, "course_id" integer, "student_id" integer, "created_at" timestamp NOT NULL, "updated_at" timestamp NOT NULL)[0m
  [1m[35m (1.0ms)[0m  [1m[35mDROP TABLE IF EXISTS "users" CASCADE[0m
  [1m[35m (44.4ms)[0m  [1m[35mCREATE TABLE "users" ("id" bigserial primary key, "name" character varying, "created_at" timestamp NOT NULL, "updated_at" timestamp NOT NULL)[0m
  [1m[35m (15.9ms)[0m  [1m[35mCREATE TABLE "schema_migrations" ("version" character varying NOT NULL PRIMARY KEY)[0m
  [1m[35m (18.0ms)[0m  [1m[34mSELECT "schema_migrations"."version" FROM "schema_migrations" ORDER BY "schema_migrations"."version" ASC[0m
  [1m[35m (3.0ms)[0m  [1m[32mINSERT INTO "schema_migrations" (version) VALUES (20170710184251)[0m
  [1m[35m (2.1ms)[0m  [1m[32mINSERT INTO "schema_migrations" (version) VALUES
(20170710184239),
(20170710184213);

[0m
  [1m[35m (33.6ms)[0m  [1m[35mCREATE TABLE "ar_internal_metadata" ("key" character varying NOT NULL PRIMARY KEY, "value" character varying, "created_at" timestamp NOT NULL, "updated_at" timestamp NOT NULL)[0m
  [1m[36mActiveRecord::InternalMetadata Load (1.3ms)[0m  [1m[34mSELECT  "ar_internal_metadata".* FROM "ar_internal_metadata" WHERE "ar_internal_metadata"."key" = $1 LIMIT $2[0m  [["key", "environment"], ["LIMIT", 1]]
  [1m[35m (0.3ms)[0m  [1m[35mBEGIN[0m
  [1m[35mSQL (1.5ms)[0m  [1m[32mINSERT INTO "ar_internal_metadata" ("key", "value", "created_at", "updated_at") VALUES ($1, $2, $3, $4) RETURNING "key"[0m  [["key", "environment"], ["value", "development"], ["created_at", "2020-12-17 22:38:22.706534"], ["updated_at", "2020-12-17 22:38:22.706534"]]
  [1m[35m (1.4ms)[0m  [1m[35mCOMMIT[0m
  [1m[36mActiveRecord::InternalMetadata Load (1.3ms)[0m  [1m[34mSELECT  "ar_internal_metadata".* FROM "ar_internal_metadata" WHERE "ar_internal_metadata"."key" = $1 LIMIT $2[0m  [["key", "environment"], ["LIMIT", 1]]
  [1m[35m (0.3ms)[0m  [1m[35mBEGIN[0m
  [1m[35mSQL (1.4ms)[0m  [1m[33mUPDATE "ar_internal_metadata" SET "value" = $1, "updated_at" = $2 WHERE "ar_internal_metadata"."key" = $3[0m  [["value", "test"], ["updated_at", "2020-12-17 22:38:22.716818"], ["key", "environment"]]
  [1m[35m (2.3ms)[0m  [1m[35mCOMMIT[0m
  [1m[35m (1.6ms)[0m  [1m[34mSELECT "schema_migrations"."version" FROM "schema_migrations" ORDER BY "schema_migrations"."version" ASC[0m
  [1m[35m (0.4ms)[0m  [1m[35mBEGIN[0m
  [1m[36mUser Load (1.2ms)[0m  [1m[34mSELECT "users".* FROM "users"[0m
  [1m[35mSQL (1.6ms)[0m  [1m[32mINSERT INTO "users" ("name", "created_at", "updated_at") VALUES ($1, $2, $3) RETURNING "id"[0m  [["name", "CJ"], ["created_at", "2020-12-17 22:38:22.867668"], ["updated_at", "2020-12-17 22:38:22.867668"]]
  [1m[35mSQL (1.2ms)[0m  [1m[32mINSERT INTO "users" ("name", "created_at", "updated_at") VALUES ($1, $2, $3) RETURNING "id"[0m  [["name", "Flarnie"], ["created_at", "2020-12-17 22:38:22.871561"], ["updated_at", "2020-12-17 22:38:22.871561"]]
  [1m[35mSQL (1.8ms)[0m  [1m[32mINSERT INTO "users" ("name", "created_at", "updated_at") VALUES ($1, $2, $3) RETURNING "id"[0m  [["name", "Jeff"], ["created_at", "2020-12-17 22:38:22.877510"], ["updated_at", "2020-12-17 22:38:22.877510"]]
  [1m[35mSQL (0.7ms)[0m  [1m[32mINSERT INTO "users" ("name", "created_at", "updated_at") VALUES ($1, $2, $3) RETURNING "id"[0m  [["name", "Georges St. Pierre"], ["created_at", "2020-12-17 22:38:22.881477"], ["updated_at", "2020-12-17 22:38:22.881477"]]
  [1m[35mSQL (0.6ms)[0m  [1m[32mINSERT INTO "users" ("name", "created_at", "updated_at") VALUES ($1, $2, $3) RETURNING "id"[0m  [["name", "Ned"], ["created_at", "2020-12-17 22:38:22.883888"], ["updated_at", "2020-12-17 22:38:22.883888"]]
  [1m[36mCourse Load (2.3ms)[0m  [1m[34mSELECT "courses".* FROM "courses"[0m
  [1m[35mSQL (0.9ms)[0m  [1m[32mINSERT INTO "courses" ("name", "instructor_id", "created_at", "updated_at") VALUES ($1, $2, $3, $4) RETURNING "id"[0m  [["name", "Ruby 101"], ["instructor_id", 5], ["created_at", "2020-12-17 22:38:22.915972"], ["updated_at", "2020-12-17 22:38:22.915972"]]
  [1m[35mSQL (0.6ms)[0m  [1m[32mINSERT INTO "courses" ("name", "prereq_id", "instructor_id", "created_at", "updated_at") VALUES ($1, $2, $3, $4, $5) RETURNING "id"[0m  [["name", "Ruby 102"], ["prereq_id", 1], ["instructor_id", 5], ["created_at", "2020-12-17 22:38:22.918538"], ["updated_at", "2020-12-17 22:38:22.918538"]]
  [1m[36mEnrollment Load (1.4ms)[0m  [1m[34mSELECT "enrollments".* FROM "enrollments"[0m
  [1m[36mCourse Load (1.5ms)[0m  [1m[34mSELECT  "courses".* FROM "courses" WHERE "courses"."id" = $1 LIMIT $2[0m  [["id", 1], ["LIMIT", 1]]
  [1m[36mUser Load (0.6ms)[0m  [1m[34mSELECT  "users".* FROM "users" WHERE "users"."id" = $1 LIMIT $2[0m  [["id", 3], ["LIMIT", 1]]
  [1m[35mSQL (1.1ms)[0m  [1m[32mINSERT INTO "enrollments" ("course_id", "student_id", "created_at", "updated_at") VALUES ($1, $2, $3, $4) RETURNING "id"[0m  [["course_id", 1], ["student_id", 3], ["created_at", "2020-12-17 22:38:23.015150"], ["updated_at", "2020-12-17 22:38:23.015150"]]
  [1m[36mCourse Load (0.6ms)[0m  [1m[34mSELECT  "courses".* FROM "courses" WHERE "courses"."id" = $1 LIMIT $2[0m  [["id", 1], ["LIMIT", 1]]
  [1m[36mUser Load (1.2ms)[0m  [1m[34mSELECT  "users".* FROM "users" WHERE "users"."id" = $1 LIMIT $2[0m  [["id", 4], ["LIMIT", 1]]
  [1m[35mSQL (0.7ms)[0m  [1m[32mINSERT INTO "enrollments" ("course_id", "student_id", "created_at", "updated_at") VALUES ($1, $2, $3, $4) RETURNING "id"[0m  [["course_id", 1], ["student_id", 4], ["created_at", "2020-12-17 22:38:23.022974"], ["updated_at", "2020-12-17 22:38:23.022974"]]
  [1m[36mCourse Load (0.5ms)[0m  [1m[34mSELECT  "courses".* FROM "courses" WHERE "courses"."id" = $1 LIMIT $2[0m  [["id", 2], ["LIMIT", 1]]
  [1m[36mUser Load (4.6ms)[0m  [1m[34mSELECT  "users".* FROM "users" WHERE "users"."id" = $1 LIMIT $2[0m  [["id", 1], ["LIMIT", 1]]
  [1m[35mSQL (18.8ms)[0m  [1m[32mINSERT INTO "enrollments" ("course_id", "student_id", "created_at", "updated_at") VALUES ($1, $2, $3, $4) RETURNING "id"[0m  [["course_id", 2], ["student_id", 1], ["created_at", "2020-12-17 22:38:23.035935"], ["updated_at", "2020-12-17 22:38:23.035935"]]
  [1m[36mCourse Load (0.8ms)[0m  [1m[34mSELECT  "courses".* FROM "courses" WHERE "courses"."id" = $1 LIMIT $2[0m  [["id", 2], ["LIMIT", 1]]
  [1m[36mUser Load (0.7ms)[0m  [1m[34mSELECT  "users".* FROM "users" WHERE "users"."id" = $1 LIMIT $2[0m  [["id", 2], ["LIMIT", 1]]
  [1m[35mSQL (0.7ms)[0m  [1m[32mINSERT INTO "enrollments" ("course_id", "student_id", "created_at", "updated_at") VALUES ($1, $2, $3, $4) RETURNING "id"[0m  [["course_id", 2], ["student_id", 2], ["created_at", "2020-12-17 22:38:23.089742"], ["updated_at", "2020-12-17 22:38:23.089742"]]
  [1m[35m (6.1ms)[0m  [1m[35mCOMMIT[0m
  [1m[35m (1.4ms)[0m  [1m[34mSELECT "schema_migrations"."version" FROM "schema_migrations" ORDER BY "schema_migrations"."version" ASC[0m
  [1m[35m (0.3ms)[0m  [1m[35mBEGIN[0m
  [1m[36mUser Load (2.7ms)[0m  [1m[34mSELECT "users".* FROM "users"[0m
  [1m[35mSQL (1.4ms)[0m  [1m[31mDELETE FROM "users" WHERE "users"."id" = $1[0m  [["id", 1]]
  [1m[35mSQL (0.5ms)[0m  [1m[31mDELETE FROM "users" WHERE "users"."id" = $1[0m  [["id", 2]]
  [1m[35mSQL (0.7ms)[0m  [1m[31mDELETE FROM "users" WHERE "users"."id" = $1[0m  [["id", 3]]
  [1m[35mSQL (0.7ms)[0m  [1m[31mDELETE FROM "users" WHERE "users"."id" = $1[0m  [["id", 4]]
  [1m[35mSQL (1.7ms)[0m  [1m[31mDELETE FROM "users" WHERE "users"."id" = $1[0m  [["id", 5]]
  [1m[35mSQL (0.7ms)[0m  [1m[32mINSERT INTO "users" ("name", "created_at", "updated_at") VALUES ($1, $2, $3) RETURNING "id"[0m  [["name", "CJ"], ["created_at", "2020-12-17 22:38:34.654027"], ["updated_at", "2020-12-17 22:38:34.654027"]]
  [1m[35mSQL (0.4ms)[0m  [1m[32mINSERT INTO "users" ("name", "created_at", "updated_at") VALUES ($1, $2, $3) RETURNING "id"[0m  [["name", "Flarnie"], ["created_at", "2020-12-17 22:38:34.656326"], ["updated_at", "2020-12-17 22:38:34.656326"]]
  [1m[35mSQL (0.4ms)[0m  [1m[32mINSERT INTO "users" ("name", "created_at", "updated_at") VALUES ($1, $2, $3) RETURNING "id"[0m  [["name", "Jeff"], ["created_at", "2020-12-17 22:38:34.657853"], ["updated_at", "2020-12-17 22:38:34.657853"]]
  [1m[35mSQL (0.4ms)[0m  [1m[32mINSERT INTO "users" ("name", "created_at", "updated_at") VALUES ($1, $2, $3) RETURNING "id"[0m  [["name", "Georges St. Pierre"], ["created_at", "2020-12-17 22:38:34.659475"], ["updated_at", "2020-12-17 22:38:34.659475"]]
  [1m[35mSQL (0.4ms)[0m  [1m[32mINSERT INTO "users" ("name", "created_at", "updated_at") VALUES ($1, $2, $3) RETURNING "id"[0m  [["name", "Ned"], ["created_at", "2020-12-17 22:38:34.660921"], ["updated_at", "2020-12-17 22:38:34.660921"]]
  [1m[36mCourse Load (2.9ms)[0m  [1m[34mSELECT "courses".* FROM "courses"[0m
  [1m[35mSQL (0.7ms)[0m  [1m[31mDELETE FROM "courses" WHERE "courses"."id" = $1[0m  [["id", 1]]
  [1m[35mSQL (0.6ms)[0m  [1m[31mDELETE FROM "courses" WHERE "courses"."id" = $1[0m  [["id", 2]]
  [1m[35mSQL (1.2ms)[0m  [1m[32mINSERT INTO "courses" ("name", "instructor_id", "created_at", "updated_at") VALUES ($1, $2, $3, $4) RETURNING "id"[0m  [["name", "Ruby 101"], ["instructor_id", 10], ["created_at", "2020-12-17 22:38:34.698314"], ["updated_at", "2020-12-17 22:38:34.698314"]]
  [1m[35mSQL (0.5ms)[0m  [1m[32mINSERT INTO "courses" ("name", "prereq_id", "instructor_id", "created_at", "updated_at") VALUES ($1, $2, $3, $4, $5) RETURNING "id"[0m  [["name", "Ruby 102"], ["prereq_id", 3], ["instructor_id", 10], ["created_at", "2020-12-17 22:38:34.702798"], ["updated_at", "2020-12-17 22:38:34.702798"]]
  [1m[36mEnrollment Load (1.0ms)[0m  [1m[34mSELECT "enrollments".* FROM "enrollments"[0m
  [1m[35mSQL (0.7ms)[0m  [1m[31mDELETE FROM "enrollments" WHERE "enrollments"."id" = $1[0m  [["id", 1]]
  [1m[35mSQL (0.6ms)[0m  [1m[31mDELETE FROM "enrollments" WHERE "enrollments"."id" = $1[0m  [["id", 2]]
  [1m[35mSQL (0.5ms)[0m  [1m[31mDELETE FROM "enrollments" WHERE "enrollments"."id" = $1[0m  [["id", 3]]
  [1m[35mSQL (0.4ms)[0m  [1m[31mDELETE FROM "enrollments" WHERE "enrollments"."id" = $1[0m  [["id", 4]]
  [1m[36mCourse Load (0.3ms)[0m  [1m[34mSELECT  "courses".* FROM "courses" WHERE "courses"."id" = $1 LIMIT $2[0m  [["id", 3], ["LIMIT", 1]]
  [1m[36mUser Load (0.6ms)[0m  [1m[34mSELECT  "users".* FROM "users" WHERE "users"."id" = $1 LIMIT $2[0m  [["id", 8], ["LIMIT", 1]]
  [1m[35mSQL (0.7ms)[0m  [1m[32mINSERT INTO "enrollments" ("course_id", "student_id", "created_at", "updated_at") VALUES ($1, $2, $3, $4) RETURNING "id"[0m  [["course_id", 3], ["student_id", 8], ["created_at", "2020-12-17 22:38:34.771778"], ["updated_at", "2020-12-17 22:38:34.771778"]]
  [1m[36mCourse Load (0.5ms)[0m  [1m[34mSELECT  "courses".* FROM "courses" WHERE "courses"."id" = $1 LIMIT $2[0m  [["id", 3], ["LIMIT", 1]]
  [1m[36mUser Load (0.3ms)[0m  [1m[34mSELECT  "users".* FROM "users" WHERE "users"."id" = $1 LIMIT $2[0m  [["id", 9], ["LIMIT", 1]]
  [1m[35mSQL (0.5ms)[0m  [1m[32mINSERT INTO "enrollments" ("course_id", "student_id", "created_at", "updated_at") VALUES ($1, $2, $3, $4) RETURNING "id"[0m  [["course_id", 3], ["student_id", 9], ["created_at", "2020-12-17 22:38:34.776575"], ["updated_at", "2020-12-17 22:38:34.776575"]]
  [1m[36mCourse Load (0.4ms)[0m  [1m[34mSELECT  "courses".* FROM "courses" WHERE "courses"."id" = $1 LIMIT $2[0m  [["id", 4], ["LIMIT", 1]]
  [1m[36mUser Load (0.3ms)[0m  [1m[34mSELECT  "users".* FROM "users" WHERE "users"."id" = $1 LIMIT $2[0m  [["id", 6], ["LIMIT", 1]]
  [1m[35mSQL (0.5ms)[0m  [1m[32mINSERT INTO "enrollments" ("course_id", "student_id", "created_at", "updated_at") VALUES ($1, $2, $3, $4) RETURNING "id"[0m  [["course_id", 4], ["student_id", 6], ["created_at", "2020-12-17 22:38:34.780551"], ["updated_at", "2020-12-17 22:38:34.780551"]]
  [1m[36mCourse Load (1.0ms)[0m  [1m[34mSELECT  "courses".* FROM "courses" WHERE "courses"."id" = $1 LIMIT $2[0m  [["id", 4], ["LIMIT", 1]]
  [1m[36mUser Load (0.5ms)[0m  [1m[34mSELECT  "users".* FROM "users" WHERE "users"."id" = $1 LIMIT $2[0m  [["id", 7], ["LIMIT", 1]]
  [1m[35mSQL (0.5ms)[0m  [1m[32mINSERT INTO "enrollments" ("course_id", "student_id", "created_at", "updated_at") VALUES ($1, $2, $3, $4) RETURNING "id"[0m  [["course_id", 4], ["student_id", 7], ["created_at", "2020-12-17 22:38:34.788180"], ["updated_at", "2020-12-17 22:38:34.788180"]]
  [1m[35m (0.7ms)[0m  [1m[35mCOMMIT[0m
  [1m[36mEnrollment Load (1.6ms)[0m  [1m[34mSELECT  "enrollments".* FROM "enrollments" ORDER BY "enrollments"."id" ASC LIMIT $1[0m  [["LIMIT", 1]]
  [1m[36mEnrollment Load (1.5ms)[0m  [1m[34mSELECT  "enrollments".* FROM "enrollments" ORDER BY "enrollments"."id" ASC LIMIT $1[0m  [["LIMIT", 1]]
  [1m[36mUser Load (0.7ms)[0m  [1m[34mSELECT  "users".* FROM "users" WHERE "users"."id" = $1 LIMIT $2[0m  [["id", 8], ["LIMIT", 1]]
  [1m[36mEnrollment Load (0.4ms)[0m  [1m[34mSELECT  "enrollments".* FROM "enrollments" ORDER BY "enrollments"."id" ASC LIMIT $1[0m  [["LIMIT", 1]]
  [1m[36mEnrollment Load (1.1ms)[0m  [1m[34mSELECT  "enrollments".* FROM "enrollments" ORDER BY "enrollments"."id" ASC LIMIT $1[0m  [["LIMIT", 1]]
  [1m[36mCourse Load (0.9ms)[0m  [1m[34mSELECT  "courses".* FROM "courses" WHERE "courses"."id" = $1 LIMIT $2[0m  [["id", 3], ["LIMIT", 1]]
